<?xml version="1.0" encoding="UTF-8"?>
<!-- Generated by org.testng.reporters.JUnitXMLReporter -->
<testsuite hostname="DESKTOP-KKFAK6I" ignored="0" name="Default test" tests="4" failures="0" timestamp="2020-04-25T19:38:18 IST" time="87.753" errors="0">
  <testcase name="testRegistration" time="27.517" classname="Selpack.Onlineshoppingapp"/>
  <testcase name="testLogin" time="2.727" classname="Selpack.Onlineshoppingapp"/>
  <testcase name="testCart" time="17.747" classname="Selpack.Onlineshoppingapp"/>
  <testcase name="testPayment" time="14.955" classname="Selpack.Onlineshoppingapp"/>
</testsuite> <!-- Default test -->
